TN:
SF:/Users/eldorplus/Desktop/medlib/resources/assets/js/tests/unit/index.js
FNF:0
FNH:0
DA:3,1
DA:6,1
DA:7,1
LF:3
LH:3
BRF:0
BRH:0
end_of_record
TN:
SF:/Users/eldorplus/Desktop/medlib/resources/assets/js/services/cookie.js
FN:,parse
FN:,serialize
FN:,tryDecode
FNF:3
FNH:2
FNDA:4,parse
FNDA:0,serialize
FNDA:5,tryDecode
DA:8,1
DA:9,1
DA:16,1
DA:17,1
DA:18,1
DA:28,1
DA:43,4
DA:44,0
DA:47,4
DA:48,4
DA:49,4
DA:50,4
DA:52,4
DA:53,5
DA:54,5
DA:57,5
DA:58,0
DA:61,5
DA:62,5
DA:65,5
DA:66,1
DA:70,5
DA:71,5
DA:75,4
DA:95,0
DA:96,0
DA:98,0
DA:99,0
DA:102,0
DA:103,0
DA:106,0
DA:108,0
DA:109,0
DA:112,0
DA:114,0
DA:115,0
DA:116,0
DA:117,0
DA:120,0
DA:121,0
DA:122,0
DA:125,0
DA:128,0
DA:129,0
DA:130,0
DA:133,0
DA:136,0
DA:137,0
DA:138,0
DA:141,0
DA:144,0
DA:145,0
DA:148,0
DA:149,0
DA:152,0
DA:153,0
DA:156,0
DA:158,0
DA:159,0
DA:161,0
DA:162,0
DA:164,0
DA:165,0
DA:167,0
DA:171,0
DA:183,5
DA:184,5
DA:186,0
LF:68
LH:24
BRDA:,0,0,0
BRDA:,0,1,4
BRDA:,1,0,4
BRDA:,1,1,4
BRDA:,2,0,4
BRDA:,2,1,4
BRDA:,3,0,0
BRDA:,3,1,5
BRDA:,4,0,1
BRDA:,4,1,4
BRDA:,5,0,5
BRDA:,5,1,0
BRDA:,6,0,0
BRDA:,6,1,0
BRDA:,7,0,0
BRDA:,7,1,0
BRDA:,8,0,0
BRDA:,8,1,0
BRDA:,9,0,0
BRDA:,9,1,0
BRDA:,10,0,0
BRDA:,10,1,0
BRDA:,11,0,0
BRDA:,11,1,0
BRDA:,12,0,0
BRDA:,12,1,0
BRDA:,13,0,0
BRDA:,13,1,0
BRDA:,14,0,0
BRDA:,14,1,0
BRDA:,15,0,0
BRDA:,15,1,0
BRDA:,16,0,0
BRDA:,16,1,0
BRDA:,17,0,0
BRDA:,17,1,0
BRDA:,18,0,0
BRDA:,18,1,0
BRDA:,19,0,0
BRDA:,19,1,0
BRDA:,20,0,0
BRDA:,20,1,0
BRDA:,21,0,0
BRDA:,21,1,0
BRDA:,22,0,0
BRDA:,22,1,0
BRDA:,23,0,0
BRDA:,23,1,0
BRDA:,24,0,0
BRDA:,24,1,0
BRDA:,24,2,0
BRDA:,24,3,0
BRF:52
BRH:9
end_of_record
TN:
SF:/Users/eldorplus/Desktop/medlib/resources/assets/js/services/ls.js
FNF:0
FNH:0
DA:3,1
DA:8,1
DA:9,4
DA:10,1
DA:11,1
LF:5
LH:5
BRDA:,0,0,3
BRDA:,1,0,4
BRDA:,1,1,2
BRF:3
BRH:3
end_of_record
TN:
SF:/Users/eldorplus/Desktop/medlib/resources/assets/js/services/http.js
FN:,(anonymous_0)
FN:,(anonymous_1)
FN:,(anonymous_2)
FNF:3
FNH:0
FNDA:0,(anonymous_0)
FNDA:0,(anonymous_1)
FNDA:0,(anonymous_2)
DA:6,1
DA:14,0
DA:15,0
DA:16,0
DA:17,0
DA:18,0
DA:31,0
DA:43,0
DA:55,0
DA:67,0
DA:78,0
DA:79,0
DA:80,0
DA:81,0
DA:82,0
DA:84,0
DA:86,0
LF:17
LH:1
BRDA:,0,0,0
BRDA:,1,0,0
BRDA:,2,0,0
BRDA:,3,0,0
BRDA:,4,0,0
BRDA:,5,0,0
BRDA:,6,0,0
BRDA:,7,0,0
BRDA:,8,0,0
BRDA:,9,0,0
BRDA:,10,0,0
BRDA:,10,1,0
BRDA:,11,0,0
BRDA:,11,1,0
BRF:14
BRH:0
end_of_record
TN:
SF:/Users/eldorplus/Desktop/medlib/resources/assets/js/services/user.js
FN:,(anonymous_0)
FN:,(anonymous_1)
FN:,(anonymous_2)
FN:,(anonymous_3)
FN:,(anonymous_4)
FN:,(anonymous_5)
FN:,(anonymous_6)
FN:,(anonymous_7)
FN:,(anonymous_8)
FN:,(anonymous_9)
FN:,(anonymous_10)
FN:,(anonymous_11)
FN:,(anonymous_12)
FN:,(anonymous_13)
FN:,(anonymous_14)
FN:,(anonymous_15)
FN:,(anonymous_16)
FN:,(anonymous_17)
FN:,(anonymous_18)
FN:,(anonymous_19)
FN:,(anonymous_20)
FNF:21
FNH:0
FNDA:0,(anonymous_0)
FNDA:0,(anonymous_1)
FNDA:0,(anonymous_2)
FNDA:0,(anonymous_3)
FNDA:0,(anonymous_4)
FNDA:0,(anonymous_5)
FNDA:0,(anonymous_6)
FNDA:0,(anonymous_7)
FNDA:0,(anonymous_8)
FNDA:0,(anonymous_9)
FNDA:0,(anonymous_10)
FNDA:0,(anonymous_11)
FNDA:0,(anonymous_12)
FNDA:0,(anonymous_13)
FNDA:0,(anonymous_14)
FNDA:0,(anonymous_15)
FNDA:0,(anonymous_16)
FNDA:0,(anonymous_17)
FNDA:0,(anonymous_18)
FNDA:0,(anonymous_19)
FNDA:0,(anonymous_20)
DA:3,1
DA:10,0
DA:11,0
DA:12,0
DA:13,0
DA:22,0
DA:23,0
DA:24,0
DA:25,0
DA:32,0
DA:33,0
DA:34,0
DA:35,0
DA:45,0
DA:46,0
DA:51,0
DA:52,0
DA:63,0
DA:64,0
DA:65,0
DA:66,0
DA:79,0
DA:80,0
DA:81,0
DA:82,0
DA:91,0
DA:92,0
DA:93,0
DA:94,0
LF:29
LH:1
BRF:0
BRH:0
end_of_record
TN:
SF:/Users/eldorplus/Desktop/medlib/resources/assets/js/services/friends.js
FN:,(anonymous_0)
FN:,(anonymous_1)
FN:,(anonymous_2)
FNF:3
FNH:0
FNDA:0,(anonymous_0)
FNDA:0,(anonymous_1)
FNDA:0,(anonymous_2)
DA:3,1
DA:10,0
DA:11,0
DA:12,0
DA:13,0
LF:5
LH:1
BRF:0
BRH:0
end_of_record
TN:
SF:/Users/eldorplus/Desktop/medlib/resources/assets/js/services/favorite.js
FN:,(anonymous_0)
FN:,(anonymous_1)
FN:,(anonymous_2)
FN:,(anonymous_3)
FN:,(anonymous_4)
FN:,(anonymous_5)
FNF:6
FNH:0
FNDA:0,(anonymous_0)
FNDA:0,(anonymous_1)
FNDA:0,(anonymous_2)
FNDA:0,(anonymous_3)
FNDA:0,(anonymous_4)
FNDA:0,(anonymous_5)
DA:3,1
DA:10,0
DA:11,0
DA:12,0
DA:13,0
DA:23,0
DA:24,0
DA:25,0
DA:26,0
LF:9
LH:1
BRF:0
BRH:0
end_of_record
TN:
SF:/Users/eldorplus/Desktop/medlib/resources/assets/js/services/notifications.js
FN:,(anonymous_0)
FN:,(anonymous_1)
FN:,(anonymous_2)
FN:,(anonymous_3)
FN:,(anonymous_4)
FN:,(anonymous_5)
FN:,(anonymous_6)
FN:,(anonymous_7)
FN:,(anonymous_8)
FN:,(anonymous_9)
FN:,(anonymous_10)
FN:,(anonymous_11)
FNF:12
FNH:0
FNDA:0,(anonymous_0)
FNDA:0,(anonymous_1)
FNDA:0,(anonymous_2)
FNDA:0,(anonymous_3)
FNDA:0,(anonymous_4)
FNDA:0,(anonymous_5)
FNDA:0,(anonymous_6)
FNDA:0,(anonymous_7)
FNDA:0,(anonymous_8)
FNDA:0,(anonymous_9)
FNDA:0,(anonymous_10)
FNDA:0,(anonymous_11)
DA:3,1
DA:8,0
DA:9,0
DA:10,0
DA:11,0
DA:15,0
DA:16,0
DA:17,0
DA:18,0
DA:22,0
DA:23,0
DA:24,0
DA:25,0
DA:33,0
DA:34,0
DA:35,0
DA:36,0
LF:17
LH:1
BRDA:,0,0,0
BRF:1
BRH:0
end_of_record
TN:
SF:/Users/eldorplus/Desktop/medlib/resources/assets/js/services/conversations.js
FN:,(anonymous_0)
FN:,(anonymous_1)
FN:,(anonymous_2)
FN:,(anonymous_3)
FN:,(anonymous_4)
FN:,(anonymous_5)
FNF:6
FNH:0
FNDA:0,(anonymous_0)
FNDA:0,(anonymous_1)
FNDA:0,(anonymous_2)
FNDA:0,(anonymous_3)
FNDA:0,(anonymous_4)
FNDA:0,(anonymous_5)
DA:3,1
DA:9,0
DA:10,0
DA:11,0
DA:12,0
DA:22,0
DA:23,0
DA:24,0
DA:25,0
LF:9
LH:1
BRDA:,0,0,0
BRF:1
BRH:0
end_of_record
TN:
SF:/Users/eldorplus/Desktop/medlib/resources/assets/js/services/index.js
FNF:0
FNH:0
LF:0
LH:0
BRF:0
BRH:0
end_of_record
TN:
SF:/Users/eldorplus/Desktop/medlib/resources/assets/js/utils/jwtToken.js
FNF:0
FNH:0
DA:4,1
DA:17,0
DA:18,0
DA:19,0
DA:20,0
DA:22,0
DA:32,0
DA:33,0
DA:34,0
DA:35,0
DA:44,0
DA:52,0
DA:59,0
DA:67,0
DA:75,0
DA:85,0
DA:87,0
DA:99,0
DA:106,0
LF:19
LH:1
BRDA:,0,0,0
BRDA:,0,1,0
BRDA:,1,0,0
BRDA:,1,1,0
BRF:4
BRH:0
end_of_record
